2025-07-15T13:14:57,953+00:00 INFO i.g.a.s.u.ConsoleUtils Loaded stub metadata: [GET] /hello
2025-07-15T13:15:05,242+00:00 DEBUG i.g.a.s.f.MainYamlScanner Main YAML scan enabled, watching /home/stubby4j/data/main.yaml.
2025-07-15T13:15:05,298+00:00 DEBUG i.g.a.s.f.ExternalFilesScanner External file scan enabled, watching external files referenced from /home/stubby4j/data/main.yaml.
2025-07-15T13:15:05,415+00:00 DEBUG i.g.a.s.f.MainIncludedYamlScanner Main YAML with included YAMLs scan enabled, watching included YAMLs referenced from /home/stubby4j/data/main.yaml.
2025-07-15T13:15:05,726+00:00 DEBUG i.g.a.s.Main stubby4j successfully started after 19408 milliseconds.
2025-07-15T13:15:05,729+00:00 DEBUG i.g.a.s.Main Admin portal:
--------------------------------------------------------------------------------------------------------
 > http://0.0.0.0:8891		Admin portal
 > http://0.0.0.0:8891/status		Admin portal status


Available insecure endpoints:
--------------------------------------------------------------------------------------------------------
 > http://0.0.0.0:8884		HTTP/1.1 stubs portal
 > http://0.0.0.0:8884		HTTP/2 over TCP (h2c) stubs portal
 > ws://0.0.0.0:8884/ws		HTTP/1.1 WebSockets stubs portal


TLS layer configuration:
--------------------------------------------------------------------------------------------------------
 > Supported TLS protocol versions: [TLSv1.3, TLSv1.2] with ALPN extension on HTTP/2
 > TLS layer configured using internal self-signed certificate


Available secure endpoints:
--------------------------------------------------------------------------------------------------------
 > https://0.0.0.0:7445		HTTP/2 over TLS (h2) stubs portal

2025-07-15T13:15:05,743+00:00 INFO i.g.a.s.Main Quit: ctrl-c
2025-07-15T13:16:39,379+00:00 INFO i.g.a.s.u.ConsoleUtils [2025-07-15 13:16:39] => HTTP GET on [/hello]
2025-07-15T13:16:39,461+00:00 DEBUG i.g.a.s.u.ConsoleUtils  ***** [DEBUG INCOMING RAW HTTP REQUEST DUMP] ***** 
2025-07-15T13:16:39,496+00:00 DEBUG i.g.a.s.u.ConsoleUtils    PROTOCOL: HTTP/1.1
   METHOD: GET
   CONTEXT PATH: 
   SERVLET PATH: 
   AUTH TYPE: null
   REMOTE USER: null
   REQUEST URI: /hello
   REQUEST URL: http://localhost:8884/hello
   QUERY STRING: null
   PATH INFO: /hello
   PATH TRANSLATED: null
   HEADERS: {
   'Accept': text/html,application/xhtml+xml,application/xml;q=0.9,image/avif,image/webp,image/apng,*/*;q=0.8,application/signed-exchange;v=b3;q=0.7,
   'Connection': keep-alive,
   'User-Agent': Mozilla/5.0 (Windows NT 10.0; Win64; x64) AppleWebKit/537.36 (KHTML, like Gecko) Chrome/130.0.0.0 Safari/537.36,
   'Sec-Fetch-Site': none,
   'Sec-Fetch-Dest': document,
   'Host': localhost:8884,
   'Accept-Encoding': gzip, deflate, br, zstd,
   'Sec-Fetch-Mode': navigate,
   'sec-ch-ua': "Chromium";v="130", "Google Chrome";v="130", "Not?A_Brand";v="99",
   'sec-ch-ua-mobile': ?0,
   'Cache-Control': max-age=0,
   'Upgrade-Insecure-Requests': 1,
   'sec-ch-ua-platform': "Windows",
   'Sec-Fetch-User': ?1,
   'Accept-Language': en-US,en;q=0.9,zh-CN;q=0.8,zh;q=0.7,
}
2025-07-15T13:16:39,506+00:00 DEBUG i.g.a.s.u.ConsoleUtils  ***** [/DEBUG INCOMING RAW HTTP REQUEST DUMP] ***** 
2025-07-15T13:16:39,572+00:00 DEBUG i.g.a.s.u.ConsoleUtils  ***** [DEBUG INCOMING ASSERTING HTTP REQUEST DUMP] ***** 
2025-07-15T13:16:39,578+00:00 DEBUG i.g.a.s.u.ConsoleUtils StubRequest{url=/hello, method=[GET], query={}, headers={accept=text/html,application/xhtml+xml,application/xml;q=0.9,image/avif,image/webp,image/apng,*/*;q=0.8,application/signed-exchange;v=b3;q=0.7, connection=keep-alive, user-agent=Mozilla/5.0 (Windows NT 10.0; Win64; x64) AppleWebKit/537.36 (KHTML, like Gecko) Chrome/130.0.0.0 Safari/537.36, sec-fetch-site=none, sec-fetch-dest=document, host=localhost:8884, accept-encoding=gzip, deflate, br, zstd, sec-fetch-mode=navigate, sec-ch-ua="Chromium";v="130", "Google Chrome";v="130", "Not?A_Brand";v="99", sec-ch-ua-mobile=?0, cache-control=max-age=0, upgrade-insecure-requests=1, sec-ch-ua-platform="Windows", sec-fetch-user=?1, accept-language=en-US,en;q=0.9,zh-CN;q=0.8,zh;q=0.7}}
2025-07-15T13:16:39,591+00:00 DEBUG i.g.a.s.u.ConsoleUtils  ***** [/DEBUG INCOMING ASSERTING HTTP REQUEST DUMP] ***** 
2025-07-15T13:16:39,866+00:00 INFO i.g.a.s.s.StubMatcher Matched on stubbed URL [/hello] WITH incoming [/hello]
2025-07-15T13:16:39,873+00:00 INFO i.g.a.s.s.StubMatcher Matched on stubbed METHOD [[GET]] WITH incoming [[GET]]
2025-07-15T13:16:39,878+00:00 DEBUG i.g.a.s.s.StubRepository Found a stubbed match after 269 milliseconds
2025-07-15T13:16:40,071+00:00 INFO i.g.a.s.u.ConsoleUtils [2025-07-15 13:16:40] <= 200 OK

2025-07-15T13:18:52,406+00:00 INFO i.g.a.s.u.ConsoleUtils Loaded stub metadata: [GET] /hello
2025-07-15T13:19:01,319+00:00 DEBUG i.g.a.s.f.MainYamlScanner Main YAML scan enabled, watching /home/stubby4j/data/stub.yaml.
2025-07-15T13:19:01,336+00:00 DEBUG i.g.a.s.f.ExternalFilesScanner External file scan enabled, watching external files referenced from /home/stubby4j/data/stub.yaml.
2025-07-15T13:19:01,486+00:00 DEBUG i.g.a.s.Main stubby4j successfully started after 19915 milliseconds.
2025-07-15T13:19:01,489+00:00 DEBUG i.g.a.s.Main Admin portal:
--------------------------------------------------------------------------------------------------------
 > http://0.0.0.0:8891		Admin portal
 > http://0.0.0.0:8891/status		Admin portal status


Available insecure endpoints:
--------------------------------------------------------------------------------------------------------
 > http://0.0.0.0:8884		HTTP/1.1 stubs portal
 > http://0.0.0.0:8884		HTTP/2 over TCP (h2c) stubs portal
 > ws://0.0.0.0:8884/ws		HTTP/1.1 WebSockets stubs portal


TLS layer configuration:
--------------------------------------------------------------------------------------------------------
 > Supported TLS protocol versions: [TLSv1.3, TLSv1.2] with ALPN extension on HTTP/2
 > TLS layer configured using internal self-signed certificate


Available secure endpoints:
--------------------------------------------------------------------------------------------------------
 > https://0.0.0.0:7445		HTTP/2 over TLS (h2) stubs portal

2025-07-15T13:19:01,500+00:00 INFO i.g.a.s.Main Quit: ctrl-c
2025-07-15T13:19:24,103+00:00 INFO i.g.a.s.u.ConsoleUtils [2025-07-15 13:19:24] => HTTP GET on [/hello]
2025-07-15T13:19:25,757+00:00 DEBUG i.g.a.s.u.ConsoleUtils  ***** [DEBUG INCOMING RAW HTTP REQUEST DUMP] ***** 
2025-07-15T13:19:25,858+00:00 DEBUG i.g.a.s.u.ConsoleUtils    PROTOCOL: HTTP/1.1
   METHOD: GET
   CONTEXT PATH: 
   SERVLET PATH: 
   AUTH TYPE: null
   REMOTE USER: null
   REQUEST URI: /hello
   REQUEST URL: http://localhost:8884/hello
   QUERY STRING: null
   PATH INFO: /hello
   PATH TRANSLATED: null
   HEADERS: {
   'Accept': text/html,application/xhtml+xml,application/xml;q=0.9,image/avif,image/webp,image/apng,*/*;q=0.8,application/signed-exchange;v=b3;q=0.7,
   'Connection': keep-alive,
   'User-Agent': Mozilla/5.0 (Windows NT 10.0; Win64; x64) AppleWebKit/537.36 (KHTML, like Gecko) Chrome/130.0.0.0 Safari/537.36,
   'Sec-Fetch-Site': none,
   'Sec-Fetch-Dest': document,
   'Host': localhost:8884,
   'Accept-Encoding': gzip, deflate, br, zstd,
   'Sec-Fetch-Mode': navigate,
   'sec-ch-ua': "Chromium";v="130", "Google Chrome";v="130", "Not?A_Brand";v="99",
   'sec-ch-ua-mobile': ?0,
   'Cache-Control': max-age=0,
   'Upgrade-Insecure-Requests': 1,
   'sec-ch-ua-platform': "Windows",
   'Sec-Fetch-User': ?1,
   'Accept-Language': en-US,en;q=0.9,zh-CN;q=0.8,zh;q=0.7,
}
2025-07-15T13:19:25,928+00:00 DEBUG i.g.a.s.u.ConsoleUtils  ***** [/DEBUG INCOMING RAW HTTP REQUEST DUMP] ***** 
2025-07-15T13:19:26,403+00:00 DEBUG i.g.a.s.u.ConsoleUtils  ***** [DEBUG INCOMING ASSERTING HTTP REQUEST DUMP] ***** 
2025-07-15T13:19:26,408+00:00 DEBUG i.g.a.s.u.ConsoleUtils StubRequest{url=/hello, method=[GET], query={}, headers={accept=text/html,application/xhtml+xml,application/xml;q=0.9,image/avif,image/webp,image/apng,*/*;q=0.8,application/signed-exchange;v=b3;q=0.7, connection=keep-alive, user-agent=Mozilla/5.0 (Windows NT 10.0; Win64; x64) AppleWebKit/537.36 (KHTML, like Gecko) Chrome/130.0.0.0 Safari/537.36, sec-fetch-site=none, sec-fetch-dest=document, host=localhost:8884, accept-encoding=gzip, deflate, br, zstd, sec-fetch-mode=navigate, sec-ch-ua="Chromium";v="130", "Google Chrome";v="130", "Not?A_Brand";v="99", sec-ch-ua-mobile=?0, cache-control=max-age=0, upgrade-insecure-requests=1, sec-ch-ua-platform="Windows", sec-fetch-user=?1, accept-language=en-US,en;q=0.9,zh-CN;q=0.8,zh;q=0.7}}
2025-07-15T13:19:26,481+00:00 DEBUG i.g.a.s.u.ConsoleUtils  ***** [/DEBUG INCOMING ASSERTING HTTP REQUEST DUMP] ***** 
2025-07-15T13:19:27,768+00:00 INFO i.g.a.s.s.StubMatcher Matched on stubbed URL [/hello] WITH incoming [/hello]
2025-07-15T13:19:27,791+00:00 INFO i.g.a.s.s.StubMatcher Matched on stubbed METHOD [[GET]] WITH incoming [[GET]]
2025-07-15T13:19:27,808+00:00 DEBUG i.g.a.s.s.StubRepository Found a stubbed match after 1271 milliseconds
2025-07-15T13:19:28,376+00:00 INFO i.g.a.s.u.ConsoleUtils [2025-07-15 13:19:28] <= 200 OK

2025-07-15T13:19:31,788+00:00 INFO i.g.a.s.u.ConsoleUtils [2025-07-15 13:19:31] => HTTP GET on [/hello]
2025-07-15T13:19:31,806+00:00 DEBUG i.g.a.s.u.ConsoleUtils  ***** [DEBUG INCOMING RAW HTTP REQUEST DUMP] ***** 
2025-07-15T13:19:31,816+00:00 DEBUG i.g.a.s.u.ConsoleUtils    PROTOCOL: HTTP/1.1
   METHOD: GET
   CONTEXT PATH: 
   SERVLET PATH: 
   AUTH TYPE: null
   REMOTE USER: null
   REQUEST URI: /hello
   REQUEST URL: http://localhost:8884/hello
   QUERY STRING: null
   PATH INFO: /hello
   PATH TRANSLATED: null
   HEADERS: {
   'Accept': text/html,application/xhtml+xml,application/xml;q=0.9,image/avif,image/webp,image/apng,*/*;q=0.8,application/signed-exchange;v=b3;q=0.7,
   'Connection': keep-alive,
   'User-Agent': Mozilla/5.0 (Windows NT 10.0; Win64; x64) AppleWebKit/537.36 (KHTML, like Gecko) Chrome/130.0.0.0 Safari/537.36,
   'Sec-Fetch-Site': none,
   'Sec-Fetch-Dest': document,
   'Host': localhost:8884,
   'Accept-Encoding': gzip, deflate, br, zstd,
   'Sec-Fetch-Mode': navigate,
   'sec-ch-ua': "Chromium";v="130", "Google Chrome";v="130", "Not?A_Brand";v="99",
   'sec-ch-ua-mobile': ?0,
   'Cache-Control': max-age=0,
   'Upgrade-Insecure-Requests': 1,
   'sec-ch-ua-platform': "Windows",
   'Sec-Fetch-User': ?1,
   'Accept-Language': en-US,en;q=0.9,zh-CN;q=0.8,zh;q=0.7,
}
2025-07-15T13:19:31,819+00:00 DEBUG i.g.a.s.u.ConsoleUtils  ***** [/DEBUG INCOMING RAW HTTP REQUEST DUMP] ***** 
2025-07-15T13:19:31,827+00:00 DEBUG i.g.a.s.u.ConsoleUtils  ***** [DEBUG INCOMING ASSERTING HTTP REQUEST DUMP] ***** 
2025-07-15T13:19:31,829+00:00 DEBUG i.g.a.s.u.ConsoleUtils StubRequest{url=/hello, method=[GET], query={}, headers={accept=text/html,application/xhtml+xml,application/xml;q=0.9,image/avif,image/webp,image/apng,*/*;q=0.8,application/signed-exchange;v=b3;q=0.7, connection=keep-alive, user-agent=Mozilla/5.0 (Windows NT 10.0; Win64; x64) AppleWebKit/537.36 (KHTML, like Gecko) Chrome/130.0.0.0 Safari/537.36, sec-fetch-site=none, sec-fetch-dest=document, host=localhost:8884, accept-encoding=gzip, deflate, br, zstd, sec-fetch-mode=navigate, sec-ch-ua="Chromium";v="130", "Google Chrome";v="130", "Not?A_Brand";v="99", sec-ch-ua-mobile=?0, cache-control=max-age=0, upgrade-insecure-requests=1, sec-ch-ua-platform="Windows", sec-fetch-user=?1, accept-language=en-US,en;q=0.9,zh-CN;q=0.8,zh;q=0.7}}
2025-07-15T13:19:31,848+00:00 DEBUG i.g.a.s.u.ConsoleUtils  ***** [/DEBUG INCOMING ASSERTING HTTP REQUEST DUMP] ***** 
2025-07-15T13:19:31,863+00:00 INFO i.g.a.s.s.StubMatcher Matched on stubbed URL [/hello] WITH incoming [/hello]
2025-07-15T13:19:31,883+00:00 INFO i.g.a.s.s.StubMatcher Matched on stubbed METHOD [[GET]] WITH incoming [[GET]]
2025-07-15T13:19:31,886+00:00 DEBUG i.g.a.s.s.StubRepository Found a stubbed match after 34 milliseconds
2025-07-15T13:19:31,933+00:00 INFO i.g.a.s.u.ConsoleUtils [2025-07-15 13:19:31] <= 200 OK

2025-07-15T13:19:33,178+00:00 INFO i.g.a.s.u.ConsoleUtils [2025-07-15 13:19:33] => HTTP GET on [/hello]
2025-07-15T13:19:33,188+00:00 DEBUG i.g.a.s.u.ConsoleUtils  ***** [DEBUG INCOMING RAW HTTP REQUEST DUMP] ***** 
2025-07-15T13:19:33,196+00:00 DEBUG i.g.a.s.u.ConsoleUtils    PROTOCOL: HTTP/1.1
   METHOD: GET
   CONTEXT PATH: 
   SERVLET PATH: 
   AUTH TYPE: null
   REMOTE USER: null
   REQUEST URI: /hello
   REQUEST URL: http://localhost:8884/hello
   QUERY STRING: null
   PATH INFO: /hello
   PATH TRANSLATED: null
   HEADERS: {
   'Accept': text/html,application/xhtml+xml,application/xml;q=0.9,image/avif,image/webp,image/apng,*/*;q=0.8,application/signed-exchange;v=b3;q=0.7,
   'Connection': keep-alive,
   'User-Agent': Mozilla/5.0 (Windows NT 10.0; Win64; x64) AppleWebKit/537.36 (KHTML, like Gecko) Chrome/130.0.0.0 Safari/537.36,
   'Sec-Fetch-Site': none,
   'Sec-Fetch-Dest': document,
   'Host': localhost:8884,
   'Accept-Encoding': gzip, deflate, br, zstd,
   'Sec-Fetch-Mode': navigate,
   'sec-ch-ua': "Chromium";v="130", "Google Chrome";v="130", "Not?A_Brand";v="99",
   'sec-ch-ua-mobile': ?0,
   'Cache-Control': max-age=0,
   'Upgrade-Insecure-Requests': 1,
   'sec-ch-ua-platform': "Windows",
   'Sec-Fetch-User': ?1,
   'Accept-Language': en-US,en;q=0.9,zh-CN;q=0.8,zh;q=0.7,
}
2025-07-15T13:19:33,206+00:00 DEBUG i.g.a.s.u.ConsoleUtils  ***** [/DEBUG INCOMING RAW HTTP REQUEST DUMP] ***** 
2025-07-15T13:19:33,210+00:00 DEBUG i.g.a.s.u.ConsoleUtils  ***** [DEBUG INCOMING ASSERTING HTTP REQUEST DUMP] ***** 
2025-07-15T13:19:33,212+00:00 DEBUG i.g.a.s.u.ConsoleUtils StubRequest{url=/hello, method=[GET], query={}, headers={accept=text/html,application/xhtml+xml,application/xml;q=0.9,image/avif,image/webp,image/apng,*/*;q=0.8,application/signed-exchange;v=b3;q=0.7, connection=keep-alive, user-agent=Mozilla/5.0 (Windows NT 10.0; Win64; x64) AppleWebKit/537.36 (KHTML, like Gecko) Chrome/130.0.0.0 Safari/537.36, sec-fetch-site=none, sec-fetch-dest=document, host=localhost:8884, accept-encoding=gzip, deflate, br, zstd, sec-fetch-mode=navigate, sec-ch-ua="Chromium";v="130", "Google Chrome";v="130", "Not?A_Brand";v="99", sec-ch-ua-mobile=?0, cache-control=max-age=0, upgrade-insecure-requests=1, sec-ch-ua-platform="Windows", sec-fetch-user=?1, accept-language=en-US,en;q=0.9,zh-CN;q=0.8,zh;q=0.7}}
2025-07-15T13:19:33,225+00:00 DEBUG i.g.a.s.u.ConsoleUtils  ***** [/DEBUG INCOMING ASSERTING HTTP REQUEST DUMP] ***** 
2025-07-15T13:19:33,259+00:00 INFO i.g.a.s.s.StubMatcher Matched on stubbed URL [/hello] WITH incoming [/hello]
2025-07-15T13:19:33,272+00:00 INFO i.g.a.s.s.StubMatcher Matched on stubbed METHOD [[GET]] WITH incoming [[GET]]
2025-07-15T13:19:33,279+00:00 DEBUG i.g.a.s.s.StubRepository Found a stubbed match after 43 milliseconds
2025-07-15T13:19:33,328+00:00 INFO i.g.a.s.u.ConsoleUtils [2025-07-15 13:19:33] <= 200 OK

2025-07-15T13:19:37,828+00:00 INFO i.g.a.s.u.ConsoleUtils [2025-07-15 13:19:37] => HTTP GET on [/hello]
2025-07-15T13:19:37,844+00:00 DEBUG i.g.a.s.u.ConsoleUtils  ***** [DEBUG INCOMING RAW HTTP REQUEST DUMP] ***** 
2025-07-15T13:19:37,850+00:00 DEBUG i.g.a.s.u.ConsoleUtils    PROTOCOL: HTTP/1.1
   METHOD: GET
   CONTEXT PATH: 
   SERVLET PATH: 
   AUTH TYPE: null
   REMOTE USER: null
   REQUEST URI: /hello
   REQUEST URL: http://localhost:8884/hello
   QUERY STRING: null
   PATH INFO: /hello
   PATH TRANSLATED: null
   HEADERS: {
   'Accept': text/html,application/xhtml+xml,application/xml;q=0.9,image/avif,image/webp,image/apng,*/*;q=0.8,application/signed-exchange;v=b3;q=0.7,
   'Connection': keep-alive,
   'User-Agent': Mozilla/5.0 (Windows NT 10.0; Win64; x64) AppleWebKit/537.36 (KHTML, like Gecko) Chrome/130.0.0.0 Safari/537.36,
   'Sec-Fetch-Site': none,
   'Sec-Fetch-Dest': document,
   'Host': localhost:8884,
   'Accept-Encoding': gzip, deflate, br, zstd,
   'Sec-Fetch-Mode': navigate,
   'sec-ch-ua': "Chromium";v="130", "Google Chrome";v="130", "Not?A_Brand";v="99",
   'sec-ch-ua-mobile': ?0,
   'Cache-Control': max-age=0,
   'Upgrade-Insecure-Requests': 1,
   'sec-ch-ua-platform': "Windows",
   'Sec-Fetch-User': ?1,
   'Accept-Language': en-US,en;q=0.9,zh-CN;q=0.8,zh;q=0.7,
}
2025-07-15T13:19:37,852+00:00 DEBUG i.g.a.s.u.ConsoleUtils  ***** [/DEBUG INCOMING RAW HTTP REQUEST DUMP] ***** 
2025-07-15T13:19:37,866+00:00 DEBUG i.g.a.s.u.ConsoleUtils  ***** [DEBUG INCOMING ASSERTING HTTP REQUEST DUMP] ***** 
2025-07-15T13:19:37,868+00:00 DEBUG i.g.a.s.u.ConsoleUtils StubRequest{url=/hello, method=[GET], query={}, headers={accept=text/html,application/xhtml+xml,application/xml;q=0.9,image/avif,image/webp,image/apng,*/*;q=0.8,application/signed-exchange;v=b3;q=0.7, connection=keep-alive, user-agent=Mozilla/5.0 (Windows NT 10.0; Win64; x64) AppleWebKit/537.36 (KHTML, like Gecko) Chrome/130.0.0.0 Safari/537.36, sec-fetch-site=none, sec-fetch-dest=document, host=localhost:8884, accept-encoding=gzip, deflate, br, zstd, sec-fetch-mode=navigate, sec-ch-ua="Chromium";v="130", "Google Chrome";v="130", "Not?A_Brand";v="99", sec-ch-ua-mobile=?0, cache-control=max-age=0, upgrade-insecure-requests=1, sec-ch-ua-platform="Windows", sec-fetch-user=?1, accept-language=en-US,en;q=0.9,zh-CN;q=0.8,zh;q=0.7}}
2025-07-15T13:19:37,873+00:00 DEBUG i.g.a.s.u.ConsoleUtils  ***** [/DEBUG INCOMING ASSERTING HTTP REQUEST DUMP] ***** 
2025-07-15T13:19:37,884+00:00 INFO i.g.a.s.s.StubMatcher Matched on stubbed URL [/hello] WITH incoming [/hello]
2025-07-15T13:19:37,894+00:00 INFO i.g.a.s.s.StubMatcher Matched on stubbed METHOD [[GET]] WITH incoming [[GET]]
2025-07-15T13:19:37,900+00:00 DEBUG i.g.a.s.s.StubRepository Found a stubbed match after 25 milliseconds
2025-07-15T13:19:37,946+00:00 INFO i.g.a.s.u.ConsoleUtils [2025-07-15 13:19:37] <= 200 OK

