2025-07-23T07:20:52,543+00:00 INFO i.g.a.s.u.ConsoleUtils Loaded stub metadata: [POST] /v1/vm/vm_init
2025-07-23T07:20:56,252+00:00 DEBUG i.g.a.s.f.MainYamlScanner Main YAML scan enabled, watching /home/stubby4j/data/stub.yaml.
2025-07-23T07:20:56,272+00:00 DEBUG i.g.a.s.f.ExternalFilesScanner External file scan enabled, watching external files referenced from /home/stubby4j/data/stub.yaml.
2025-07-23T07:20:56,368+00:00 DEBUG i.g.a.s.Main stubby4j successfully started after 8295 milliseconds.
2025-07-23T07:20:56,369+00:00 DEBUG i.g.a.s.Main Admin portal:
--------------------------------------------------------------------------------------------------------
 > http://0.0.0.0:8891		Admin portal
 > http://0.0.0.0:8891/status		Admin portal status


Available insecure endpoints:
--------------------------------------------------------------------------------------------------------
 > http://0.0.0.0:8889		HTTP/1.1 stubs portal
 > http://0.0.0.0:8889		HTTP/2 over TCP (h2c) stubs portal
 > ws://0.0.0.0:8889/ws		HTTP/1.1 WebSockets stubs portal


TLS layer configuration:
--------------------------------------------------------------------------------------------------------
 > Supported TLS protocol versions: [TLSv1.3, TLSv1.2] with ALPN extension on HTTP/2
 > TLS layer configured using internal self-signed certificate


Available secure endpoints:
--------------------------------------------------------------------------------------------------------
 > https://0.0.0.0:7445		HTTP/2 over TLS (h2) stubs portal

2025-07-23T07:20:56,373+00:00 INFO i.g.a.s.Main Quit: ctrl-c
2025-07-23T07:21:14,731+00:00 INFO i.g.a.s.u.ConsoleUtils [2025-07-23 07:21:14] => HTTP POST on [/v1/vm/vm_init]
2025-07-23T07:21:14,742+00:00 DEBUG i.g.a.s.u.ConsoleUtils  ***** [DEBUG INCOMING RAW HTTP REQUEST DUMP] ***** 
2025-07-23T07:21:14,745+00:00 DEBUG i.g.a.s.u.ConsoleUtils    PROTOCOL: HTTP/1.1
   METHOD: POST
   CONTEXT PATH: 
   SERVLET PATH: 
   AUTH TYPE: null
   REMOTE USER: null
   REQUEST URI: /v1/vm/vm_init
   REQUEST URL: http://127.0.0.1:8889/v1/vm/vm_init
   QUERY STRING: null
   PATH INFO: /v1/vm/vm_init
   PATH TRANSLATED: null
   HEADERS: {
   'Accept': application/json,
   'User-Agent': go-resty/2.10.0 (https://github.com/go-resty/resty),
   'Host': 127.0.0.1:8889,
   'Accept-Encoding': gzip,
   'Content-Length': 104,
   'Content-Type': application/json,
}
2025-07-23T07:21:14,747+00:00 DEBUG i.g.a.s.u.ConsoleUtils  ***** [/DEBUG INCOMING RAW HTTP REQUEST DUMP] ***** 
2025-07-23T07:21:14,781+00:00 DEBUG i.g.a.s.u.ConsoleUtils  ***** [DEBUG INCOMING ASSERTING HTTP REQUEST DUMP] ***** 
2025-07-23T07:21:14,782+00:00 DEBUG i.g.a.s.u.ConsoleUtils StubRequest{url=/v1/vm/vm_init, method=[POST], post={"vmId":43,"ecn":102,"instanceId":"ins-eqc77dou2fn8s1dpvxa6mltrxggcnf6b","diskType":1,"gameInitInfo":{}}, query={}, headers={accept=application/json, user-agent=go-resty/2.10.0 (https://github.com/go-resty/resty), host=127.0.0.1:8889, accept-encoding=gzip, content-length=104, content-type=application/json}}
2025-07-23T07:21:14,783+00:00 DEBUG i.g.a.s.u.ConsoleUtils  ***** [/DEBUG INCOMING ASSERTING HTTP REQUEST DUMP] ***** 
2025-07-23T07:21:14,856+00:00 INFO i.g.a.s.s.StubMatcher Matched on stubbed URL [/v1/vm/vm_init] WITH incoming [/v1/vm/vm_init]
2025-07-23T07:21:14,863+00:00 INFO i.g.a.s.s.StubMatcher Matched on stubbed METHOD [[POST]] WITH incoming [[POST]]
2025-07-23T07:21:14,865+00:00 DEBUG i.g.a.s.s.StubRepository Found a stubbed match after 80 milliseconds
2025-07-23T07:21:14,895+00:00 INFO i.g.a.s.u.ConsoleUtils [2025-07-23 07:21:14] <= 200 OK

